Using pre-set license
Built from '2020.3/release' branch; Version is '2020.3.31f1 (6b54b7616050) revision 7034039'; Using compiler version '192528614'; Build Type 'Release'
OS: 'Windows 10  (10.0.19043) 64bit Core' Language: 'en' Physical Memory: 14188 MB
BatchMode: 1, IsHumanControllingUs: 0, StartBugReporterOnCrash: 0, Is64bit: 1, IsPro: 0

COMMAND LINE ARGUMENTS:
C:\Program Files\Unity\Hub\Editor\2020.3.31f1\Editor\Unity.exe
-adb2
-batchMode
-noUpm
-name
AssetImportWorker0
-projectPath
C:/Users/Steff/Documents/GitHub/EmbodiedInteraction
-logFile
Logs/AssetImportWorker0.log
-srvPort
59092
Successfully changed project path to: C:/Users/Steff/Documents/GitHub/EmbodiedInteraction
C:/Users/Steff/Documents/GitHub/EmbodiedInteraction
Using Asset Import Pipeline V2.
Refreshing native plugins compatible for Editor in 24.43 ms, found 2 plugins.
Preloading 0 native plugins for Editor in 0.00 ms.
Initialize engine version: 2020.3.31f1 (6b54b7616050)
[Subsystems] Discovering subsystems at path C:/Program Files/Unity/Hub/Editor/2020.3.31f1/Editor/Data/Resources/UnitySubsystems
[Subsystems] Discovering subsystems at path C:/Users/Steff/Documents/GitHub/EmbodiedInteraction/Assets
GfxDevice: creating device client; threaded=0
Direct3D:
    Version:  Direct3D 11.0 [level 11.1]
    Renderer: NVIDIA GeForce RTX 3070 Laptop GPU (ID=0x24dd)
    Vendor:   
    VRAM:     8044 MB
    Driver:   30.0.15.1259
Initialize mono
Mono path[0] = 'C:/Program Files/Unity/Hub/Editor/2020.3.31f1/Editor/Data/Managed'
Mono path[1] = 'C:/Program Files/Unity/Hub/Editor/2020.3.31f1/Editor/Data/MonoBleedingEdge/lib/mono/unityjit'
Mono config path = 'C:/Program Files/Unity/Hub/Editor/2020.3.31f1/Editor/Data/MonoBleedingEdge/etc'
Using monoOptions --debugger-agent=transport=dt_socket,embedding=1,server=y,suspend=n,address=127.0.0.1:56068
Begin MonoManager ReloadAssembly
Registering precompiled unity dll's ...
Register platform support module: C:/Program Files/Unity/Hub/Editor/2020.3.31f1/Editor/Data/PlaybackEngines/WindowsStandaloneSupport/UnityEditor.WindowsStandalone.Extensions.dll
Registered in 0.001730 seconds.
Native extension for WindowsStandalone target not found
Refreshing native plugins compatible for Editor in 23.09 ms, found 2 plugins.
Preloading 0 native plugins for Editor in 0.00 ms.
Mono: successfully reloaded assembly
- Completed reload, in  0.428 seconds
Domain Reload Profiling:
	ReloadAssembly (428ms)
		BeginReloadAssembly (55ms)
			ExecutionOrderSort (0ms)
			DisableScriptedObjects (0ms)
			BackupInstance (0ms)
			ReleaseScriptingObjects (0ms)
			CreateAndSetChildDomain (1ms)
		EndReloadAssembly (319ms)
			LoadAssemblies (53ms)
			RebuildTransferFunctionScriptingTraits (0ms)
			SetupTypeCache (99ms)
			ReleaseScriptCaches (0ms)
			RebuildScriptCaches (20ms)
			SetupLoadedEditorAssemblies (121ms)
				LogAssemblyErrors (0ms)
				InitializePlatformSupportModulesInManaged (4ms)
				SetLoadedEditorAssemblies (0ms)
				RefreshPlugins (23ms)
				BeforeProcessingInitializeOnLoad (12ms)
				ProcessInitializeOnLoadAttributes (61ms)
				ProcessInitializeOnLoadMethodAttributes (21ms)
				AfterProcessingInitializeOnLoad (0ms)
				EditorAssembliesLoaded (0ms)
			ExecutionOrderSort2 (0ms)
			AwakeInstancesAfterBackupRestoration (0ms)
Platform modules already initialized, skipping
Registering precompiled user dll's ...
Registered in 0.002471 seconds.
Begin MonoManager ReloadAssembly
Native extension for WindowsStandalone target not found
Refreshing native plugins compatible for Editor in 0.34 ms, found 2 plugins.
Preloading 0 native plugins for Editor in 0.00 ms.
Mono: successfully reloaded assembly
- Completed reload, in  0.716 seconds
Domain Reload Profiling:
	ReloadAssembly (717ms)
		BeginReloadAssembly (115ms)
			ExecutionOrderSort (0ms)
			DisableScriptedObjects (4ms)
			BackupInstance (0ms)
			ReleaseScriptingObjects (0ms)
			CreateAndSetChildDomain (17ms)
		EndReloadAssembly (555ms)
			LoadAssemblies (73ms)
			RebuildTransferFunctionScriptingTraits (0ms)
			SetupTypeCache (181ms)
			ReleaseScriptCaches (0ms)
			RebuildScriptCaches (27ms)
			SetupLoadedEditorAssemblies (221ms)
				LogAssemblyErrors (0ms)
				InitializePlatformSupportModulesInManaged (3ms)
				SetLoadedEditorAssemblies (0ms)
				RefreshPlugins (0ms)
				BeforeProcessingInitializeOnLoad (59ms)
				ProcessInitializeOnLoadAttributes (146ms)
				ProcessInitializeOnLoadMethodAttributes (7ms)
				AfterProcessingInitializeOnLoad (6ms)
				EditorAssembliesLoaded (0ms)
			ExecutionOrderSort2 (0ms)
			AwakeInstancesAfterBackupRestoration (5ms)
Platform modules already initialized, skipping
========================================================================
Worker process is ready to serve import requests
Launched and connected shader compiler UnityShaderCompiler.exe after 0.04 seconds
Refreshing native plugins compatible for Editor in 0.36 ms, found 2 plugins.
Preloading 0 native plugins for Editor in 0.00 ms.
Unloading 1506 Unused Serialized files (Serialized files now loaded: 0)
System memory in use before: 68.5 MB.
System memory in use after: 68.6 MB.

Unloading 16 unused Assets to reduce memory usage. Loaded Objects now: 1942.
Total: 2.391100 ms (FindLiveObjects: 0.125500 ms CreateObjectMapping: 0.041100 ms MarkObjects: 2.172800 ms  DeleteObjects: 0.051200 ms)

AssetImportParameters requested are different than current active one (requested -> active):
  custom:framework-win-MediaFoundation: 216162199b28c13a410421893ffa2e32 -> 
  custom:video-decoder-ogg-theora: a1e56fd34408186e4bbccfd4996cb3dc -> 
  custom:container-muxer-webm: aa71ff27fc2769a1b78a27578f13a17b -> 
  custom:container-demuxer-webm: 4f35f7cbe854078d1ac9338744f61a02 -> 
  custom:container-demuxer-ogg: 62fdf1f143b41e24485cea50d1cbac27 -> 
  custom:video-encoder-webm-vp8: eb34c28f22e8b96e1ab97ce403110664 -> 
  custom:video-codec-MediaFoundation-h265: 746d11721c4dcdbdad8f713fa42b33f4 -> 
  custom:video-decoder-webm-vp8: 9c59270c3fd7afecdb556c50c9e8de78 -> 
  custom:audio-decoder-ogg-vorbis: bf7c407c2cedff20999df2af8eb42d56 -> 
  custom:audio-encoder-webm-vorbis: bf7c407c2cedff20999df2af8eb42d56 -> 
========================================================================
Received Import Request.
  path: Assets/Coolio2surprice.fbx
  artifactKey: Guid(193ad0f867be1a248b54589d8b14f9d9) Importer(815301076,1909f56bfc062723c751e8b465ee728b)
Start importing Assets/Coolio2surprice.fbx using Guid(193ad0f867be1a248b54589d8b14f9d9) Importer(815301076,1909f56bfc062723c751e8b465ee728b)  -> (artifact id: '1d00ae8e470bb8fa8b322fdd67cc546c') in 0.306286 seconds 
========================================================================
Received Import Request.
  Time since last request: 0.000139 seconds.
  path: Assets/Coolio2Sadness.fbx
  artifactKey: Guid(26fb32c5172c61042acbb2131ea3a6dd) Importer(815301076,1909f56bfc062723c751e8b465ee728b)
Start importing Assets/Coolio2Sadness.fbx using Guid(26fb32c5172c61042acbb2131ea3a6dd) Importer(815301076,1909f56bfc062723c751e8b465ee728b)  -> (artifact id: '6e0b19fac5d30a3eda45dcbe9e0924ea') in 0.058500 seconds 
========================================================================
Received Import Request.
  Time since last request: 0.000122 seconds.
  path: Assets/Coolio2Anger.fbx
  artifactKey: Guid(ab4834ef416f2d944b9a85c7994533f0) Importer(815301076,1909f56bfc062723c751e8b465ee728b)
Start importing Assets/Coolio2Anger.fbx using Guid(ab4834ef416f2d944b9a85c7994533f0) Importer(815301076,1909f56bfc062723c751e8b465ee728b)  -> (artifact id: '68cc660aff8b6a35ebbdd93fdc605240') in 0.056848 seconds 
========================================================================
Received Import Request.
  Time since last request: 9.646537 seconds.
  path: Assets/Coolio2Joy.fbx
  artifactKey: Guid(e1407c2feed5a194c9f2bc3bf919abd9) Importer(815301076,1909f56bfc062723c751e8b465ee728b)
Start importing Assets/Coolio2Joy.fbx using Guid(e1407c2feed5a194c9f2bc3bf919abd9) Importer(815301076,1909f56bfc062723c751e8b465ee728b)  -> (artifact id: '1822a17d4c76df1844b060b86b602795') in 0.095191 seconds 
========================================================================
Received Import Request.
  Time since last request: 639.642349 seconds.
  path: Assets/Scenes/map-full-size1.png
  artifactKey: Guid(d97674d6afb9226469d59e0fd800359c) Importer(815301076,1909f56bfc062723c751e8b465ee728b)
Start importing Assets/Scenes/map-full-size1.png using Guid(d97674d6afb9226469d59e0fd800359c) Importer(815301076,1909f56bfc062723c751e8b465ee728b)  -> (artifact id: '84b94383c21afec96720c2b7ac29c72d') in 0.017389 seconds 
========================================================================
Received Import Request.
  Time since last request: 1764.595028 seconds.
  path: Assets/whiteboard.fbx
  artifactKey: Guid(f97fa538a3faafe43a3b1f426ed62cd6) Importer(815301076,1909f56bfc062723c751e8b465ee728b)
Start importing Assets/whiteboard.fbx using Guid(f97fa538a3faafe43a3b1f426ed62cd6) Importer(815301076,1909f56bfc062723c751e8b465ee728b)  -> (artifact id: '9d12d90411a00a9d3cc52ab4e06ecac3') in 0.207855 seconds 
========================================================================
Received Import Request.
  Time since last request: 778.850782 seconds.
  path: Assets/Coolio2Sadness 1.fbx
  artifactKey: Guid(01a71babbf9d5b644acd1147d143a840) Importer(815301076,1909f56bfc062723c751e8b465ee728b)
Start importing Assets/Coolio2Sadness 1.fbx using Guid(01a71babbf9d5b644acd1147d143a840) Importer(815301076,1909f56bfc062723c751e8b465ee728b)  -> (artifact id: 'd68632395469eee969730daceba0364f') in 0.169333 seconds 
========================================================================
Received Prepare
Registering precompiled user dll's ...
Registered in 0.002772 seconds.
Begin MonoManager ReloadAssembly
Native extension for WindowsStandalone target not found
Refreshing native plugins compatible for Editor in 0.37 ms, found 2 plugins.
Preloading 0 native plugins for Editor in 0.00 ms.
Mono: successfully reloaded assembly
- Completed reload, in  0.779 seconds
Domain Reload Profiling:
	ReloadAssembly (781ms)
		BeginReloadAssembly (170ms)
			ExecutionOrderSort (0ms)
			DisableScriptedObjects (10ms)
			BackupInstance (0ms)
			ReleaseScriptingObjects (0ms)
			CreateAndSetChildDomain (67ms)
		EndReloadAssembly (562ms)
			LoadAssemblies (92ms)
			RebuildTransferFunctionScriptingTraits (0ms)
			SetupTypeCache (191ms)
			ReleaseScriptCaches (1ms)
			RebuildScriptCaches (25ms)
			SetupLoadedEditorAssemblies (215ms)
				LogAssemblyErrors (0ms)
				InitializePlatformSupportModulesInManaged (4ms)
				SetLoadedEditorAssemblies (1ms)
				RefreshPlugins (0ms)
				BeforeProcessingInitializeOnLoad (56ms)
				ProcessInitializeOnLoadAttributes (141ms)
				ProcessInitializeOnLoadMethodAttributes (7ms)
				AfterProcessingInitializeOnLoad (6ms)
				EditorAssembliesLoaded (0ms)
			ExecutionOrderSort2 (0ms)
			AwakeInstancesAfterBackupRestoration (5ms)
Platform modules already initialized, skipping
Refreshing native plugins compatible for Editor in 0.35 ms, found 2 plugins.
Preloading 0 native plugins for Editor in 0.00 ms.
Unloading 1500 Unused Serialized files (Serialized files now loaded: 0)
System memory in use before: 86.4 MB.
System memory in use after: 86.5 MB.

Unloading 11 unused Assets to reduce memory usage. Loaded Objects now: 1991.
Total: 3.171300 ms (FindLiveObjects: 0.542800 ms CreateObjectMapping: 0.087100 ms MarkObjects: 2.513100 ms  DeleteObjects: 0.027200 ms)

AssetImportParameters requested are different than current active one (requested -> active):
  custom:framework-win-MediaFoundation: 216162199b28c13a410421893ffa2e32 -> 
  custom:video-decoder-ogg-theora: a1e56fd34408186e4bbccfd4996cb3dc -> 
  custom:container-muxer-webm: aa71ff27fc2769a1b78a27578f13a17b -> 
  custom:container-demuxer-webm: 4f35f7cbe854078d1ac9338744f61a02 -> 
  custom:container-demuxer-ogg: 62fdf1f143b41e24485cea50d1cbac27 -> 
  custom:video-encoder-webm-vp8: eb34c28f22e8b96e1ab97ce403110664 -> 
  custom:video-codec-MediaFoundation-h265: 746d11721c4dcdbdad8f713fa42b33f4 -> 
  custom:video-decoder-webm-vp8: 9c59270c3fd7afecdb556c50c9e8de78 -> 
  custom:audio-decoder-ogg-vorbis: bf7c407c2cedff20999df2af8eb42d56 -> 
  custom:audio-encoder-webm-vorbis: bf7c407c2cedff20999df2af8eb42d56 -> 
========================================================================
Received Import Request.
  Time since last request: 3904.529946 seconds.
  path: Assets/EmbodiedInteraction.mp4
  artifactKey: Guid(a3586d500da7c96458b4310c0873b09b) Importer(815301076,1909f56bfc062723c751e8b465ee728b)
Start importing Assets/EmbodiedInteraction.mp4 using Guid(a3586d500da7c96458b4310c0873b09b) Importer(815301076,1909f56bfc062723c751e8b465ee728b)  -> (artifact id: '41578ba4882ffd0ceaa049fcec4e0074') in 0.019390 seconds 
========================================================================
Received Import Request.
  Time since last request: 138.317688 seconds.
  path: Assets/EmbodiedInteraction.mp3
  artifactKey: Guid(55401af07e2ecb345bd41958c9d83d9b) Importer(815301076,1909f56bfc062723c751e8b465ee728b)
Start importing Assets/EmbodiedInteraction.mp3 using Guid(55401af07e2ecb345bd41958c9d83d9b) Importer(815301076,1909f56bfc062723c751e8b465ee728b)  -> (artifact id: 'c41f6152c797be0929d1f79802b04fcf') in 0.066800 seconds 
========================================================================
Received Prepare
Registering precompiled user dll's ...
Registered in 0.002562 seconds.
Begin MonoManager ReloadAssembly
Native extension for WindowsStandalone target not found
Refreshing native plugins compatible for Editor in 0.34 ms, found 2 plugins.
Preloading 0 native plugins for Editor in 0.00 ms.
Mono: successfully reloaded assembly
- Completed reload, in  0.708 seconds
Domain Reload Profiling:
	ReloadAssembly (708ms)
		BeginReloadAssembly (101ms)
			ExecutionOrderSort (0ms)
			DisableScriptedObjects (4ms)
			BackupInstance (0ms)
			ReleaseScriptingObjects (0ms)
			CreateAndSetChildDomain (29ms)
		EndReloadAssembly (559ms)
			LoadAssemblies (78ms)
			RebuildTransferFunctionScriptingTraits (0ms)
			SetupTypeCache (190ms)
			ReleaseScriptCaches (1ms)
			RebuildScriptCaches (26ms)
			SetupLoadedEditorAssemblies (216ms)
				LogAssemblyErrors (0ms)
				InitializePlatformSupportModulesInManaged (4ms)
				SetLoadedEditorAssemblies (0ms)
				RefreshPlugins (0ms)
				BeforeProcessingInitializeOnLoad (56ms)
				ProcessInitializeOnLoadAttributes (142ms)
				ProcessInitializeOnLoadMethodAttributes (7ms)
				AfterProcessingInitializeOnLoad (6ms)
				EditorAssembliesLoaded (0ms)
			ExecutionOrderSort2 (0ms)
			AwakeInstancesAfterBackupRestoration (5ms)
Platform modules already initialized, skipping
Refreshing native plugins compatible for Editor in 0.33 ms, found 2 plugins.
Preloading 0 native plugins for Editor in 0.00 ms.
Unloading 1500 Unused Serialized files (Serialized files now loaded: 0)
System memory in use before: 86.5 MB.
System memory in use after: 86.6 MB.

Unloading 11 unused Assets to reduce memory usage. Loaded Objects now: 1997.
Total: 2.510200 ms (FindLiveObjects: 0.140900 ms CreateObjectMapping: 0.058600 ms MarkObjects: 2.292100 ms  DeleteObjects: 0.017800 ms)

AssetImportParameters requested are different than current active one (requested -> active):
  custom:framework-win-MediaFoundation: 216162199b28c13a410421893ffa2e32 -> 
  custom:video-decoder-ogg-theora: a1e56fd34408186e4bbccfd4996cb3dc -> 
  custom:container-muxer-webm: aa71ff27fc2769a1b78a27578f13a17b -> 
  custom:container-demuxer-webm: 4f35f7cbe854078d1ac9338744f61a02 -> 
  custom:container-demuxer-ogg: 62fdf1f143b41e24485cea50d1cbac27 -> 
  custom:video-encoder-webm-vp8: eb34c28f22e8b96e1ab97ce403110664 -> 
  custom:video-codec-MediaFoundation-h265: 746d11721c4dcdbdad8f713fa42b33f4 -> 
  custom:video-decoder-webm-vp8: 9c59270c3fd7afecdb556c50c9e8de78 -> 
  custom:audio-decoder-ogg-vorbis: bf7c407c2cedff20999df2af8eb42d56 -> 
  custom:audio-encoder-webm-vorbis: bf7c407c2cedff20999df2af8eb42d56 -> 
AssetImportWorkerClient::OnTransportError - code=2 error=End of file
